<?xml version="1.0" encoding="UTF-8"?>
<coverage generated="1736735905846" clover="3.2.0">
  <project timestamp="1736735905846" name="All files">
    <metrics statements="34" coveredstatements="34" conditionals="12" coveredconditionals="12" methods="7" coveredmethods="7" elements="53" coveredelements="53" complexity="0" loc="34" ncloc="34" packages="1" files="2" classes="2"/>
    <file name="fatorial.ts" path="/workspaces/interfaces/src/fatorial.ts">
      <metrics statements="5" coveredstatements="5" conditionals="3" coveredconditionals="3" methods="1" coveredmethods="1"/>
      <line num="1" count="15" type="cond" truecount="1" falsecount="0"/>
      <line num="2" count="15" type="cond" truecount="2" falsecount="0"/>
      <line num="3" count="15" type="stmt"/>
      <line num="4" count="1" type="stmt"/>
      <line num="5" count="1" type="stmt"/>
    </file>
    <file name="funcoes.ts" path="/workspaces/interfaces/src/funcoes.ts">
      <metrics statements="29" coveredstatements="29" conditionals="9" coveredconditionals="9" methods="6" coveredmethods="6"/>
      <line num="1" count="1" type="cond" truecount="1" falsecount="0"/>
      <line num="2" count="1" type="stmt"/>
      <line num="3" count="1" type="cond" truecount="1" falsecount="0"/>
      <line num="4" count="7" type="stmt"/>
      <line num="5" count="7" type="stmt"/>
      <line num="6" count="1" type="stmt"/>
      <line num="7" count="1" type="stmt"/>
      <line num="8" count="1" type="stmt"/>
      <line num="9" count="1" type="cond" truecount="1" falsecount="0"/>
      <line num="10" count="1" type="stmt"/>
      <line num="11" count="1" type="cond" truecount="1" falsecount="0"/>
      <line num="12" count="1" type="stmt"/>
      <line num="13" count="1" type="stmt"/>
      <line num="14" count="1" type="stmt"/>
      <line num="15" count="1" type="cond" truecount="1" falsecount="0"/>
      <line num="16" count="1" type="stmt"/>
      <line num="17" count="1" type="stmt"/>
      <line num="18" count="1" type="stmt"/>
      <line num="19" count="1" type="cond" truecount="1" falsecount="0"/>
      <line num="20" count="1" type="stmt"/>
      <line num="21" count="1" type="stmt"/>
      <line num="22" count="1" type="stmt"/>
      <line num="23" count="1" type="cond" truecount="1" falsecount="0"/>
      <line num="24" count="1" type="stmt"/>
      <line num="25" count="1" type="stmt"/>
      <line num="26" count="1" type="stmt"/>
      <line num="27" count="1" type="cond" truecount="1" falsecount="0"/>
      <line num="28" count="1" type="cond" truecount="1" falsecount="0"/>
      <line num="29" count="1" type="stmt"/>
    </file>
  </project>
</coverage>
