{"/workspaces/interfaces/src/fatorial.ts": {"path":"/workspaces/interfaces/src/fatorial.ts","all":false,"statementMap":{"0":{"start":{"line":1,"column":0},"end":{"line":1,"column":39}},"1":{"start":{"line":2,"column":0},"end":{"line":2,"column":43}},"2":{"start":{"line":3,"column":0},"end":{"line":3,"column":1}},"3":{"start":{"line":4,"column":0},"end":{"line":4,"column":0}},"4":{"start":{"line":5,"column":0},"end":{"line":5,"column":25}}},"s":{"0":15,"1":15,"2":15,"3":1,"4":1},"branchMap":{"0":{"type":"branch","line":1,"loc":{"start":{"line":1,"column":0},"end":{"line":3,"column":1}},"locations":[{"start":{"line":1,"column":0},"end":{"line":3,"column":1}}]},"1":{"type":"branch","line":2,"loc":{"start":{"line":2,"column":16},"end":{"line":2,"column":19}},"locations":[{"start":{"line":2,"column":16},"end":{"line":2,"column":19}}]},"2":{"type":"branch","line":2,"loc":{"start":{"line":2,"column":20},"end":{"line":2,"column":42}},"locations":[{"start":{"line":2,"column":20},"end":{"line":2,"column":42}}]}},"b":{"0":[15],"1":[2],"2":[13]},"fnMap":{"0":{"name":"factorial","decl":{"start":{"line":1,"column":0},"end":{"line":3,"column":1}},"loc":{"start":{"line":1,"column":0},"end":{"line":3,"column":1}},"line":1}},"f":{"0":15}}
,"/workspaces/interfaces/src/funcoes.ts": {"path":"/workspaces/interfaces/src/funcoes.ts","all":false,"statementMap":{"0":{"start":{"line":1,"column":0},"end":{"line":1,"column":91}},"1":{"start":{"line":2,"column":0},"end":{"line":2,"column":30}},"2":{"start":{"line":3,"column":0},"end":{"line":3,"column":44}},"3":{"start":{"line":4,"column":0},"end":{"line":4,"column":35}},"4":{"start":{"line":5,"column":0},"end":{"line":5,"column":5}},"5":{"start":{"line":6,"column":0},"end":{"line":6,"column":18}},"6":{"start":{"line":7,"column":0},"end":{"line":7,"column":2}},"7":{"start":{"line":8,"column":0},"end":{"line":8,"column":0}},"8":{"start":{"line":9,"column":0},"end":{"line":9,"column":120}},"9":{"start":{"line":10,"column":0},"end":{"line":10,"column":60}},"10":{"start":{"line":11,"column":0},"end":{"line":11,"column":52}},"11":{"start":{"line":12,"column":0},"end":{"line":12,"column":18}},"12":{"start":{"line":13,"column":0},"end":{"line":13,"column":2}},"13":{"start":{"line":14,"column":0},"end":{"line":14,"column":0}},"14":{"start":{"line":15,"column":0},"end":{"line":15,"column":80}},"15":{"start":{"line":16,"column":0},"end":{"line":16,"column":27}},"16":{"start":{"line":17,"column":0},"end":{"line":17,"column":2}},"17":{"start":{"line":18,"column":0},"end":{"line":18,"column":0}},"18":{"start":{"line":19,"column":0},"end":{"line":19,"column":76}},"19":{"start":{"line":20,"column":0},"end":{"line":20,"column":24}},"20":{"start":{"line":21,"column":0},"end":{"line":21,"column":2}},"21":{"start":{"line":22,"column":0},"end":{"line":22,"column":0}},"22":{"start":{"line":23,"column":0},"end":{"line":23,"column":91}},"23":{"start":{"line":24,"column":0},"end":{"line":24,"column":29}},"24":{"start":{"line":25,"column":0},"end":{"line":25,"column":2}},"25":{"start":{"line":26,"column":0},"end":{"line":26,"column":0}},"26":{"start":{"line":27,"column":0},"end":{"line":27,"column":84}},"27":{"start":{"line":28,"column":0},"end":{"line":28,"column":48}},"28":{"start":{"line":29,"column":0},"end":{"line":29,"column":2}}},"s":{"0":1,"1":1,"2":1,"3":7,"4":7,"5":1,"6":1,"7":1,"8":1,"9":1,"10":1,"11":1,"12":1,"13":1,"14":1,"15":1,"16":1,"17":1,"18":1,"19":1,"20":1,"21":1,"22":1,"23":1,"24":1,"25":1,"26":1,"27":1,"28":1},"branchMap":{"0":{"type":"branch","line":1,"loc":{"start":{"line":1,"column":30},"end":{"line":7,"column":2}},"locations":[{"start":{"line":1,"column":30},"end":{"line":7,"column":2}}]},"1":{"type":"branch","line":3,"loc":{"start":{"line":3,"column":43},"end":{"line":5,"column":5}},"locations":[{"start":{"line":3,"column":43},"end":{"line":5,"column":5}}]},"2":{"type":"branch","line":9,"loc":{"start":{"line":9,"column":37},"end":{"line":13,"column":2}},"locations":[{"start":{"line":9,"column":37},"end":{"line":13,"column":2}}]},"3":{"type":"branch","line":11,"loc":{"start":{"line":11,"column":18},"end":{"line":11,"column":50}},"locations":[{"start":{"line":11,"column":18},"end":{"line":11,"column":50}}]},"4":{"type":"branch","line":15,"loc":{"start":{"line":15,"column":27},"end":{"line":17,"column":2}},"locations":[{"start":{"line":15,"column":27},"end":{"line":17,"column":2}}]},"5":{"type":"branch","line":19,"loc":{"start":{"line":19,"column":25},"end":{"line":21,"column":2}},"locations":[{"start":{"line":19,"column":25},"end":{"line":21,"column":2}}]},"6":{"type":"branch","line":23,"loc":{"start":{"line":23,"column":32},"end":{"line":25,"column":2}},"locations":[{"start":{"line":23,"column":32},"end":{"line":25,"column":2}}]},"7":{"type":"branch","line":27,"loc":{"start":{"line":27,"column":33},"end":{"line":29,"column":2}},"locations":[{"start":{"line":27,"column":33},"end":{"line":29,"column":2}}]},"8":{"type":"branch","line":28,"loc":{"start":{"line":28,"column":24},"end":{"line":28,"column":46}},"locations":[{"start":{"line":28,"column":24},"end":{"line":28,"column":46}}]}},"b":{"0":[1],"1":[7],"2":[1],"3":[7],"4":[1],"5":[1],"6":[1],"7":[1],"8":[6]},"fnMap":{"0":{"name":"squareElements","decl":{"start":{"line":1,"column":30},"end":{"line":7,"column":2}},"loc":{"start":{"line":1,"column":30},"end":{"line":7,"column":2}},"line":1},"1":{"name":"squareElementsForEach","decl":{"start":{"line":9,"column":37},"end":{"line":13,"column":2}},"loc":{"start":{"line":9,"column":37},"end":{"line":13,"column":2}},"line":9},"2":{"name":"joinStrings","decl":{"start":{"line":15,"column":27},"end":{"line":17,"column":2}},"loc":{"start":{"line":15,"column":27},"end":{"line":17,"column":2}},"line":15},"3":{"name":"sortArray","decl":{"start":{"line":19,"column":25},"end":{"line":21,"column":2}},"loc":{"start":{"line":19,"column":25},"end":{"line":21,"column":2}},"line":19},"4":{"name":"firstTwoElements","decl":{"start":{"line":23,"column":32},"end":{"line":25,"column":2}},"loc":{"start":{"line":23,"column":32},"end":{"line":25,"column":2}},"line":23},"5":{"name":"filterEvenNumbers","decl":{"start":{"line":27,"column":33},"end":{"line":29,"column":2}},"loc":{"start":{"line":27,"column":33},"end":{"line":29,"column":2}},"line":27}},"f":{"0":1,"1":1,"2":1,"3":1,"4":1,"5":1}}
}
