TN:
SF:src/classe.ts
FN:5,Carro
FN:10,acelerar
FN:20,Moto
FN:25,acelerar
FNF:4
FNH:4
FNDA:1,Carro
FNDA:1,acelerar
FNDA:1,Moto
FNDA:1,acelerar
DA:1,1
DA:2,1
DA:3,1
DA:4,1
DA:5,1
DA:6,1
DA:7,1
DA:8,1
DA:9,1
DA:10,1
DA:11,1
DA:12,1
DA:13,1
DA:14,1
DA:15,1
DA:16,1
DA:17,1
DA:18,1
DA:19,1
DA:20,1
DA:21,1
DA:22,1
DA:23,1
DA:24,1
DA:25,1
DA:26,1
DA:27,1
DA:28,1
LF:28
LH:28
BRDA:5,0,0,1
BRDA:10,1,0,1
BRDA:20,2,0,1
BRDA:25,3,0,1
BRF:4
BRH:4
end_of_record
TN:
SF:src/classea.ts
FN:4,compararAreas
FN:22,Retangulo
FN:28,calcularArea
FN:36,Circulo
FN:41,calcularArea
FNF:5
FNH:5
FNDA:1,compararAreas
FNDA:2,Retangulo
FNDA:2,calcularArea
FNDA:2,Circulo
FNDA:2,calcularArea
DA:1,1
DA:2,1
DA:3,1
DA:4,1
DA:5,1
DA:6,1
DA:7,1
DA:8,1
DA:9,0
DA:10,1
DA:11,1
DA:12,1
DA:13,0
DA:14,0
DA:15,1
DA:16,1
DA:17,1
DA:18,1
DA:19,1
DA:20,1
DA:21,1
DA:22,1
DA:23,2
DA:24,2
DA:25,2
DA:26,2
DA:27,1
DA:28,1
DA:29,2
DA:30,2
DA:31,1
DA:32,1
DA:33,1
DA:34,1
DA:35,1
DA:36,1
DA:37,2
DA:38,2
DA:39,2
DA:40,1
DA:41,1
DA:42,2
DA:43,2
DA:44,1
LF:44
LH:41
BRDA:4,0,0,1
BRDA:8,1,0,0
BRDA:12,2,0,0
BRDA:22,3,0,2
BRDA:28,4,0,2
BRDA:36,5,0,2
BRDA:41,6,0,2
BRF:7
BRH:5
end_of_record
TN:
SF:src/fatorial.ts
FN:1,factorial
FNF:1
FNH:1
FNDA:15,factorial
DA:1,15
DA:2,15
DA:3,15
DA:4,1
DA:5,1
LF:5
LH:5
BRDA:1,0,0,15
BRDA:2,1,0,2
BRDA:2,2,0,13
BRF:3
BRH:3
end_of_record
TN:
SF:src/funcoes.ts
FN:1,squareElements
FN:9,squareElementsForEach
FN:15,joinStrings
FN:19,sortArray
FN:23,firstTwoElements
FN:27,filterEvenNumbers
FNF:6
FNH:6
FNDA:1,squareElements
FNDA:1,squareElementsForEach
FNDA:1,joinStrings
FNDA:1,sortArray
FNDA:1,firstTwoElements
FNDA:1,filterEvenNumbers
DA:1,1
DA:2,1
DA:3,1
DA:4,7
DA:5,7
DA:6,1
DA:7,1
DA:8,1
DA:9,1
DA:10,1
DA:11,1
DA:12,1
DA:13,1
DA:14,1
DA:15,1
DA:16,1
DA:17,1
DA:18,1
DA:19,1
DA:20,1
DA:21,1
DA:22,1
DA:23,1
DA:24,1
DA:25,1
DA:26,1
DA:27,1
DA:28,1
DA:29,1
LF:29
LH:29
BRDA:1,0,0,1
BRDA:3,1,0,7
BRDA:9,2,0,1
BRDA:11,3,0,7
BRDA:15,4,0,1
BRDA:19,5,0,1
BRDA:23,6,0,1
BRDA:27,7,0,1
BRDA:28,8,0,6
BRF:9
BRH:9
end_of_record
