TN:
SF:src/fatorial.ts
FN:1,factorial
FNF:1
FNH:1
FNDA:15,factorial
DA:1,15
DA:2,15
DA:3,15
DA:4,1
DA:5,1
LF:5
LH:5
BRDA:1,0,0,15
BRDA:2,1,0,2
BRDA:2,2,0,13
BRF:3
BRH:3
end_of_record
TN:
SF:src/funcoes.ts
FN:1,squareElements
FN:9,squareElementsForEach
FN:15,joinStrings
FN:19,sortArray
FN:23,firstTwoElements
FN:27,filterEvenNumbers
FNF:6
FNH:6
FNDA:1,squareElements
FNDA:1,squareElementsForEach
FNDA:1,joinStrings
FNDA:1,sortArray
FNDA:1,firstTwoElements
FNDA:1,filterEvenNumbers
DA:1,1
DA:2,1
DA:3,1
DA:4,7
DA:5,7
DA:6,1
DA:7,1
DA:8,1
DA:9,1
DA:10,1
DA:11,1
DA:12,1
DA:13,1
DA:14,1
DA:15,1
DA:16,1
DA:17,1
DA:18,1
DA:19,1
DA:20,1
DA:21,1
DA:22,1
DA:23,1
DA:24,1
DA:25,1
DA:26,1
DA:27,1
DA:28,1
DA:29,1
LF:29
LH:29
BRDA:1,0,0,1
BRDA:3,1,0,7
BRDA:9,2,0,1
BRDA:11,3,0,7
BRDA:15,4,0,1
BRDA:19,5,0,1
BRDA:23,6,0,1
BRDA:27,7,0,1
BRDA:28,8,0,6
BRF:9
BRH:9
end_of_record
